<?xml version="1.0" encoding="UTF-8"?>
<coverage generated="1669664629518" clover="3.2.0">
  <project timestamp="1669664629518" name="All files">
    <metrics statements="75" coveredstatements="74" conditionals="39" coveredconditionals="36" methods="20" coveredmethods="18" elements="134" coveredelements="128" complexity="0" loc="75" ncloc="75" packages="3" files="3" classes="3"/>
    <package name="config">
      <metrics statements="4" coveredstatements="4" conditionals="2" coveredconditionals="2" methods="0" coveredmethods="0"/>
      <file name="dynamodb-local.js" path="/Users/alejandroalbitestapia/Desktop/ale/NTTDATA/proyecto-final/dollar-change-bank/dist/config/dynamodb-local.js">
        <metrics statements="4" coveredstatements="4" conditionals="2" coveredconditionals="2" methods="0" coveredmethods="0"/>
        <line num="2" count="1" type="stmt"/>
        <line num="3" count="1" type="stmt"/>
        <line num="4" count="1" type="stmt"/>
        <line num="5" count="1" type="cond" truecount="2" falsecount="0"/>
      </file>
    </package>
    <package name="services">
      <metrics statements="45" coveredstatements="44" conditionals="25" coveredconditionals="22" methods="15" coveredmethods="13"/>
      <file name="bank.js" path="/Users/alejandroalbitestapia/Desktop/ale/NTTDATA/proyecto-final/dollar-change-bank/dist/services/bank.js">
        <metrics statements="45" coveredstatements="44" conditionals="25" coveredconditionals="22" methods="15" coveredmethods="13"/>
        <line num="2" count="1" type="cond" truecount="3" falsecount="0"/>
        <line num="3" count="11" type="cond" truecount="1" falsecount="1"/>
        <line num="4" count="13" type="cond" truecount="2" falsecount="0"/>
        <line num="5" count="11" type="stmt"/>
        <line num="6" count="0" type="stmt"/>
        <line num="7" count="24" type="cond" truecount="2" falsecount="0"/>
        <line num="8" count="13" type="cond" truecount="2" falsecount="0"/>
        <line num="11" count="1" type="stmt"/>
        <line num="12" count="1" type="stmt"/>
        <line num="13" count="1" type="stmt"/>
        <line num="14" count="1" type="stmt"/>
        <line num="15" count="1" type="stmt"/>
        <line num="16" count="1" type="stmt"/>
        <line num="17" count="1" type="cond" truecount="1" falsecount="1"/>
        <line num="18" count="1" type="stmt"/>
        <line num="19" count="1" type="stmt"/>
        <line num="24" count="1" type="stmt"/>
        <line num="32" count="1" type="stmt"/>
        <line num="33" count="5" type="stmt"/>
        <line num="34" count="5" type="stmt"/>
        <line num="42" count="5" type="cond" truecount="2" falsecount="0"/>
        <line num="43" count="2" type="stmt"/>
        <line num="48" count="3" type="stmt"/>
        <line num="56" count="1" type="stmt"/>
        <line num="57" count="3" type="stmt"/>
        <line num="58" count="3" type="stmt"/>
        <line num="59" count="3" type="stmt"/>
        <line num="60" count="3" type="cond" truecount="5" falsecount="1"/>
        <line num="61" count="1" type="stmt"/>
        <line num="68" count="2" type="stmt"/>
        <line num="69" count="2" type="cond" truecount="2" falsecount="0"/>
        <line num="70" count="1" type="stmt"/>
        <line num="75" count="1" type="stmt"/>
        <line num="89" count="1" type="stmt"/>
        <line num="97" count="1" type="stmt"/>
        <line num="98" count="4" type="stmt"/>
        <line num="99" count="4" type="stmt"/>
        <line num="100" count="4" type="cond" truecount="2" falsecount="0"/>
        <line num="101" count="3" type="stmt"/>
        <line num="106" count="1" type="stmt"/>
        <line num="107" count="1" type="stmt"/>
        <line num="108" count="1" type="stmt"/>
        <line num="116" count="1" type="stmt"/>
        <line num="122" count="1" type="stmt"/>
        <line num="130" count="1" type="stmt"/>
      </file>
    </package>
    <package name="utils">
      <metrics statements="26" coveredstatements="26" conditionals="12" coveredconditionals="12" methods="5" coveredmethods="5"/>
      <file name="validations.handle.js" path="/Users/alejandroalbitestapia/Desktop/ale/NTTDATA/proyecto-final/dollar-change-bank/dist/utils/validations.handle.js">
        <metrics statements="26" coveredstatements="26" conditionals="12" coveredconditionals="12" methods="5" coveredmethods="5"/>
        <line num="2" count="1" type="stmt"/>
        <line num="3" count="1" type="stmt"/>
        <line num="4" count="1" type="stmt"/>
        <line num="5" count="4" type="stmt"/>
        <line num="6" count="4" type="stmt"/>
        <line num="8" count="1" type="stmt"/>
        <line num="9" count="5" type="stmt"/>
        <line num="10" count="5" type="stmt"/>
        <line num="12" count="1" type="stmt"/>
        <line num="13" count="2" type="cond" truecount="4" falsecount="0"/>
        <line num="14" count="1" type="stmt"/>
        <line num="15" count="1" type="stmt"/>
        <line num="17" count="1" type="stmt"/>
        <line num="18" count="4" type="cond" truecount="2" falsecount="0"/>
        <line num="19" count="1" type="stmt"/>
        <line num="21" count="3" type="cond" truecount="2" falsecount="0"/>
        <line num="22" count="1" type="stmt"/>
        <line num="24" count="2" type="cond" truecount="2" falsecount="0"/>
        <line num="25" count="1" type="stmt"/>
        <line num="27" count="1" type="stmt"/>
        <line num="29" count="1" type="stmt"/>
        <line num="30" count="1" type="stmt"/>
        <line num="31" count="2" type="cond" truecount="2" falsecount="0"/>
        <line num="32" count="1" type="stmt"/>
        <line num="34" count="1" type="stmt"/>
        <line num="36" count="1" type="stmt"/>
      </file>
    </package>
  </project>
</coverage>
