{"/Users/alejandroalbitestapia/Desktop/ale/NTTDATA/proyecto-final/dollar-change-bank/dist/config/dynamodb-local.js": {"path":"/Users/alejandroalbitestapia/Desktop/ale/NTTDATA/proyecto-final/dollar-change-bank/dist/config/dynamodb-local.js","statementMap":{"0":{"start":{"line":2,"column":0},"end":{"line":2,"column":62}},"1":{"start":{"line":3,"column":0},"end":{"line":3,"column":24}},"2":{"start":{"line":4,"column":15},"end":{"line":4,"column":41}},"3":{"start":{"line":5,"column":0},"end":{"line":9,"column":4}}},"fnMap":{},"branchMap":{"0":{"loc":{"start":{"line":5,"column":62},"end":{"line":9,"column":1}},"type":"binary-expr","locations":[{"start":{"line":5,"column":62},"end":{"line":5,"column":68}},{"start":{"line":5,"column":72},"end":{"line":9,"column":1}}],"line":5}},"s":{"0":1,"1":1,"2":1,"3":1},"f":{},"b":{"0":[1,1]},"_coverageSchema":"1a1c01bbd47fc00a2c39e90264f33305004495a9","hash":"c78799412138f398d3c6de236fa22255d8eae0cb"}
,"/Users/alejandroalbitestapia/Desktop/ale/NTTDATA/proyecto-final/dollar-change-bank/dist/services/bank.js": {"path":"/Users/alejandroalbitestapia/Desktop/ale/NTTDATA/proyecto-final/dollar-change-bank/dist/services/bank.js","statementMap":{"0":{"start":{"line":2,"column":16},"end":{"line":10,"column":1}},"1":{"start":{"line":3,"column":28},"end":{"line":3,"column":110}},"2":{"start":{"line":3,"column":91},"end":{"line":3,"column":106}},"3":{"start":{"line":4,"column":4},"end":{"line":9,"column":7}},"4":{"start":{"line":5,"column":36},"end":{"line":5,"column":97}},"5":{"start":{"line":5,"column":42},"end":{"line":5,"column":70}},"6":{"start":{"line":5,"column":85},"end":{"line":5,"column":95}},"7":{"start":{"line":6,"column":35},"end":{"line":6,"column":100}},"8":{"start":{"line":6,"column":41},"end":{"line":6,"column":73}},"9":{"start":{"line":6,"column":88},"end":{"line":6,"column":98}},"10":{"start":{"line":7,"column":32},"end":{"line":7,"column":116}},"11":{"start":{"line":8,"column":8},"end":{"line":8,"column":78}},"12":{"start":{"line":11,"column":0},"end":{"line":11,"column":62}},"13":{"start":{"line":12,"column":0},"end":{"line":12,"column":142}},"14":{"start":{"line":13,"column":12},"end":{"line":13,"column":30}},"15":{"start":{"line":14,"column":15},"end":{"line":14,"column":30}},"16":{"start":{"line":15,"column":25},"end":{"line":15,"column":60}},"17":{"start":{"line":16,"column":29},"end":{"line":16,"column":67}},"18":{"start":{"line":17,"column":17},"end":{"line":17,"column":112}},"19":{"start":{"line":18,"column":26},"end":{"line":31,"column":2}},"20":{"start":{"line":18,"column":32},"end":{"line":31,"column":2}},"21":{"start":{"line":19,"column":19},"end":{"line":23,"column":18}},"22":{"start":{"line":24,"column":4},"end":{"line":30,"column":6}},"23":{"start":{"line":32,"column":0},"end":{"line":32,"column":46}},"24":{"start":{"line":33,"column":39},"end":{"line":55,"column":2}},"25":{"start":{"line":33,"column":58},"end":{"line":55,"column":2}},"26":{"start":{"line":34,"column":19},"end":{"line":41,"column":18}},"27":{"start":{"line":42,"column":4},"end":{"line":47,"column":5}},"28":{"start":{"line":43,"column":8},"end":{"line":46,"column":10}},"29":{"start":{"line":48,"column":4},"end":{"line":54,"column":6}},"30":{"start":{"line":56,"column":0},"end":{"line":56,"column":72}},"31":{"start":{"line":57,"column":36},"end":{"line":96,"column":2}},"32":{"start":{"line":57,"column":71},"end":{"line":96,"column":2}},"33":{"start":{"line":58,"column":22},"end":{"line":58,"column":46}},"34":{"start":{"line":59,"column":21},"end":{"line":59,"column":72}},"35":{"start":{"line":60,"column":4},"end":{"line":67,"column":5}},"36":{"start":{"line":61,"column":8},"end":{"line":66,"column":10}},"37":{"start":{"line":68,"column":30},"end":{"line":68,"column":93}},"38":{"start":{"line":69,"column":4},"end":{"line":74,"column":5}},"39":{"start":{"line":70,"column":8},"end":{"line":73,"column":10}},"40":{"start":{"line":75,"column":19},"end":{"line":88,"column":18}},"41":{"start":{"line":89,"column":4},"end":{"line":95,"column":6}},"42":{"start":{"line":97,"column":0},"end":{"line":97,"column":66}},"43":{"start":{"line":98,"column":26},"end":{"line":129,"column":2}},"44":{"start":{"line":98,"column":71},"end":{"line":129,"column":2}},"45":{"start":{"line":99,"column":30},"end":{"line":99,"column":119}},"46":{"start":{"line":100,"column":4},"end":{"line":105,"column":5}},"47":{"start":{"line":101,"column":8},"end":{"line":104,"column":10}},"48":{"start":{"line":106,"column":22},"end":{"line":106,"column":46}},"49":{"start":{"line":107,"column":15},"end":{"line":107,"column":31}},"50":{"start":{"line":108,"column":20},"end":{"line":115,"column":5}},"51":{"start":{"line":116,"column":4},"end":{"line":121,"column":19}},"52":{"start":{"line":122,"column":4},"end":{"line":128,"column":6}},"53":{"start":{"line":130,"column":0},"end":{"line":130,"column":46}}},"fnMap":{"0":{"name":"(anonymous_0)","decl":{"start":{"line":2,"column":44},"end":{"line":2,"column":45}},"loc":{"start":{"line":2,"column":89},"end":{"line":10,"column":1}},"line":2},"1":{"name":"adopt","decl":{"start":{"line":3,"column":13},"end":{"line":3,"column":18}},"loc":{"start":{"line":3,"column":26},"end":{"line":3,"column":112}},"line":3},"2":{"name":"(anonymous_2)","decl":{"start":{"line":3,"column":70},"end":{"line":3,"column":71}},"loc":{"start":{"line":3,"column":89},"end":{"line":3,"column":108}},"line":3},"3":{"name":"(anonymous_3)","decl":{"start":{"line":4,"column":36},"end":{"line":4,"column":37}},"loc":{"start":{"line":4,"column":63},"end":{"line":9,"column":5}},"line":4},"4":{"name":"fulfilled","decl":{"start":{"line":5,"column":17},"end":{"line":5,"column":26}},"loc":{"start":{"line":5,"column":34},"end":{"line":5,"column":99}},"line":5},"5":{"name":"rejected","decl":{"start":{"line":6,"column":17},"end":{"line":6,"column":25}},"loc":{"start":{"line":6,"column":33},"end":{"line":6,"column":102}},"line":6},"6":{"name":"step","decl":{"start":{"line":7,"column":17},"end":{"line":7,"column":21}},"loc":{"start":{"line":7,"column":30},"end":{"line":7,"column":118}},"line":7},"7":{"name":"(anonymous_7)","decl":{"start":{"line":18,"column":26},"end":{"line":18,"column":27}},"loc":{"start":{"line":18,"column":32},"end":{"line":31,"column":2}},"line":18},"8":{"name":"(anonymous_8)","decl":{"start":{"line":18,"column":66},"end":{"line":18,"column":67}},"loc":{"start":{"line":18,"column":79},"end":{"line":31,"column":1}},"line":18},"9":{"name":"(anonymous_9)","decl":{"start":{"line":33,"column":39},"end":{"line":33,"column":40}},"loc":{"start":{"line":33,"column":58},"end":{"line":55,"column":2}},"line":33},"10":{"name":"(anonymous_10)","decl":{"start":{"line":33,"column":92},"end":{"line":33,"column":93}},"loc":{"start":{"line":33,"column":105},"end":{"line":55,"column":1}},"line":33},"11":{"name":"(anonymous_11)","decl":{"start":{"line":57,"column":36},"end":{"line":57,"column":37}},"loc":{"start":{"line":57,"column":71},"end":{"line":96,"column":2}},"line":57},"12":{"name":"(anonymous_12)","decl":{"start":{"line":57,"column":105},"end":{"line":57,"column":106}},"loc":{"start":{"line":57,"column":118},"end":{"line":96,"column":1}},"line":57},"13":{"name":"(anonymous_13)","decl":{"start":{"line":98,"column":26},"end":{"line":98,"column":27}},"loc":{"start":{"line":98,"column":71},"end":{"line":129,"column":2}},"line":98},"14":{"name":"(anonymous_14)","decl":{"start":{"line":98,"column":105},"end":{"line":98,"column":106}},"loc":{"start":{"line":98,"column":118},"end":{"line":129,"column":1}},"line":98}},"branchMap":{"0":{"loc":{"start":{"line":2,"column":16},"end":{"line":10,"column":1}},"type":"binary-expr","locations":[{"start":{"line":2,"column":17},"end":{"line":2,"column":21}},{"start":{"line":2,"column":25},"end":{"line":2,"column":39}},{"start":{"line":2,"column":44},"end":{"line":10,"column":1}}],"line":2},"1":{"loc":{"start":{"line":3,"column":35},"end":{"line":3,"column":109}},"type":"cond-expr","locations":[{"start":{"line":3,"column":56},"end":{"line":3,"column":61}},{"start":{"line":3,"column":64},"end":{"line":3,"column":109}}],"line":3},"2":{"loc":{"start":{"line":4,"column":16},"end":{"line":4,"column":34}},"type":"binary-expr","locations":[{"start":{"line":4,"column":16},"end":{"line":4,"column":17}},{"start":{"line":4,"column":22},"end":{"line":4,"column":33}}],"line":4},"3":{"loc":{"start":{"line":7,"column":32},"end":{"line":7,"column":115}},"type":"cond-expr","locations":[{"start":{"line":7,"column":46},"end":{"line":7,"column":67}},{"start":{"line":7,"column":70},"end":{"line":7,"column":115}}],"line":7},"4":{"loc":{"start":{"line":8,"column":51},"end":{"line":8,"column":67}},"type":"binary-expr","locations":[{"start":{"line":8,"column":51},"end":{"line":8,"column":61}},{"start":{"line":8,"column":65},"end":{"line":8,"column":67}}],"line":8},"5":{"loc":{"start":{"line":17,"column":49},"end":{"line":17,"column":111}},"type":"cond-expr","locations":[{"start":{"line":17,"column":83},"end":{"line":17,"column":106}},{"start":{"line":17,"column":109},"end":{"line":17,"column":111}}],"line":17},"6":{"loc":{"start":{"line":42,"column":4},"end":{"line":47,"column":5}},"type":"if","locations":[{"start":{"line":42,"column":4},"end":{"line":47,"column":5}},{"start":{},"end":{}}],"line":42},"7":{"loc":{"start":{"line":60,"column":4},"end":{"line":67,"column":5}},"type":"if","locations":[{"start":{"line":60,"column":4},"end":{"line":67,"column":5}},{"start":{},"end":{}}],"line":60},"8":{"loc":{"start":{"line":60,"column":9},"end":{"line":60,"column":80}},"type":"cond-expr","locations":[{"start":{"line":60,"column":52},"end":{"line":60,"column":58}},{"start":{"line":60,"column":61},"end":{"line":60,"column":80}}],"line":60},"9":{"loc":{"start":{"line":60,"column":9},"end":{"line":60,"column":49}},"type":"binary-expr","locations":[{"start":{"line":60,"column":9},"end":{"line":60,"column":26}},{"start":{"line":60,"column":30},"end":{"line":60,"column":49}}],"line":60},"10":{"loc":{"start":{"line":69,"column":4},"end":{"line":74,"column":5}},"type":"if","locations":[{"start":{"line":69,"column":4},"end":{"line":74,"column":5}},{"start":{},"end":{}}],"line":69},"11":{"loc":{"start":{"line":100,"column":4},"end":{"line":105,"column":5}},"type":"if","locations":[{"start":{"line":100,"column":4},"end":{"line":105,"column":5}},{"start":{},"end":{}}],"line":100}},"s":{"0":1,"1":11,"2":0,"3":13,"4":11,"5":11,"6":0,"7":0,"8":0,"9":0,"10":24,"11":13,"12":1,"13":1,"14":1,"15":1,"16":1,"17":1,"18":1,"19":1,"20":1,"21":1,"22":1,"23":1,"24":1,"25":5,"26":5,"27":5,"28":2,"29":3,"30":1,"31":1,"32":3,"33":3,"34":3,"35":3,"36":1,"37":2,"38":2,"39":1,"40":1,"41":1,"42":1,"43":1,"44":4,"45":4,"46":4,"47":3,"48":1,"49":1,"50":1,"51":1,"52":1,"53":1},"f":{"0":13,"1":11,"2":0,"3":13,"4":11,"5":0,"6":24,"7":1,"8":1,"9":5,"10":5,"11":3,"12":3,"13":4,"14":4},"b":{"0":[1,1,1],"1":[11,0],"2":[13,13],"3":[13,11],"4":[13,13],"5":[1,0],"6":[2,3],"7":[1,2],"8":[0,3],"9":[3,3],"10":[1,1],"11":[3,1]},"_coverageSchema":"1a1c01bbd47fc00a2c39e90264f33305004495a9","hash":"6ffe99f721430a2c4f915c92a3e047d1e4889fbb"}
,"/Users/alejandroalbitestapia/Desktop/ale/NTTDATA/proyecto-final/dollar-change-bank/dist/utils/validations.handle.js": {"path":"/Users/alejandroalbitestapia/Desktop/ale/NTTDATA/proyecto-final/dollar-change-bank/dist/utils/validations.handle.js","statementMap":{"0":{"start":{"line":2,"column":0},"end":{"line":2,"column":62}},"1":{"start":{"line":3,"column":0},"end":{"line":3,"column":72}},"2":{"start":{"line":4,"column":24},"end":{"line":7,"column":1}},"3":{"start":{"line":5,"column":15},"end":{"line":5,"column":27}},"4":{"start":{"line":6,"column":4},"end":{"line":6,"column":34}},"5":{"start":{"line":8,"column":31},"end":{"line":11,"column":1}},"6":{"start":{"line":9,"column":15},"end":{"line":9,"column":22}},"7":{"start":{"line":10,"column":4},"end":{"line":10,"column":35}},"8":{"start":{"line":12,"column":25},"end":{"line":16,"column":1}},"9":{"start":{"line":13,"column":4},"end":{"line":14,"column":20}},"10":{"start":{"line":14,"column":8},"end":{"line":14,"column":20}},"11":{"start":{"line":15,"column":4},"end":{"line":15,"column":17}},"12":{"start":{"line":17,"column":31},"end":{"line":28,"column":1}},"13":{"start":{"line":18,"column":4},"end":{"line":20,"column":5}},"14":{"start":{"line":19,"column":8},"end":{"line":19,"column":57}},"15":{"start":{"line":21,"column":4},"end":{"line":23,"column":5}},"16":{"start":{"line":22,"column":8},"end":{"line":22,"column":36}},"17":{"start":{"line":24,"column":4},"end":{"line":26,"column":5}},"18":{"start":{"line":25,"column":8},"end":{"line":25,"column":58}},"19":{"start":{"line":27,"column":4},"end":{"line":27,"column":14}},"20":{"start":{"line":29,"column":0},"end":{"line":29,"column":56}},"21":{"start":{"line":30,"column":30},"end":{"line":35,"column":1}},"22":{"start":{"line":31,"column":4},"end":{"line":33,"column":5}},"23":{"start":{"line":32,"column":8},"end":{"line":32,"column":36}},"24":{"start":{"line":34,"column":4},"end":{"line":34,"column":14}},"25":{"start":{"line":36,"column":0},"end":{"line":36,"column":54}}},"fnMap":{"0":{"name":"(anonymous_0)","decl":{"start":{"line":4,"column":24},"end":{"line":4,"column":25}},"loc":{"start":{"line":4,"column":43},"end":{"line":7,"column":1}},"line":4},"1":{"name":"(anonymous_1)","decl":{"start":{"line":8,"column":31},"end":{"line":8,"column":32}},"loc":{"start":{"line":8,"column":51},"end":{"line":11,"column":1}},"line":8},"2":{"name":"(anonymous_2)","decl":{"start":{"line":12,"column":25},"end":{"line":12,"column":26}},"loc":{"start":{"line":12,"column":39},"end":{"line":16,"column":1}},"line":12},"3":{"name":"(anonymous_3)","decl":{"start":{"line":17,"column":31},"end":{"line":17,"column":32}},"loc":{"start":{"line":17,"column":76},"end":{"line":28,"column":1}},"line":17},"4":{"name":"(anonymous_4)","decl":{"start":{"line":30,"column":30},"end":{"line":30,"column":31}},"loc":{"start":{"line":30,"column":50},"end":{"line":35,"column":1}},"line":30}},"branchMap":{"0":{"loc":{"start":{"line":13,"column":4},"end":{"line":14,"column":20}},"type":"if","locations":[{"start":{"line":13,"column":4},"end":{"line":14,"column":20}},{"start":{},"end":{}}],"line":13},"1":{"loc":{"start":{"line":13,"column":8},"end":{"line":13,"column":54}},"type":"binary-expr","locations":[{"start":{"line":13,"column":8},"end":{"line":13,"column":28}},{"start":{"line":13,"column":32},"end":{"line":13,"column":54}}],"line":13},"2":{"loc":{"start":{"line":18,"column":4},"end":{"line":20,"column":5}},"type":"if","locations":[{"start":{"line":18,"column":4},"end":{"line":20,"column":5}},{"start":{},"end":{}}],"line":18},"3":{"loc":{"start":{"line":21,"column":4},"end":{"line":23,"column":5}},"type":"if","locations":[{"start":{"line":21,"column":4},"end":{"line":23,"column":5}},{"start":{},"end":{}}],"line":21},"4":{"loc":{"start":{"line":24,"column":4},"end":{"line":26,"column":5}},"type":"if","locations":[{"start":{"line":24,"column":4},"end":{"line":26,"column":5}},{"start":{},"end":{}}],"line":24},"5":{"loc":{"start":{"line":31,"column":4},"end":{"line":33,"column":5}},"type":"if","locations":[{"start":{"line":31,"column":4},"end":{"line":33,"column":5}},{"start":{},"end":{}}],"line":31}},"s":{"0":1,"1":1,"2":1,"3":4,"4":4,"5":1,"6":5,"7":5,"8":1,"9":2,"10":1,"11":1,"12":1,"13":4,"14":1,"15":3,"16":1,"17":2,"18":1,"19":1,"20":1,"21":1,"22":2,"23":1,"24":1,"25":1},"f":{"0":4,"1":5,"2":2,"3":4,"4":2},"b":{"0":[1,1],"1":[2,2],"2":[1,3],"3":[1,2],"4":[1,1],"5":[1,1]},"_coverageSchema":"1a1c01bbd47fc00a2c39e90264f33305004495a9","hash":"497f93e4e6580cb469d4d3068e48c35256fd7a4c"}
}
