TN:
SF:dist/config/dynamodb-local.js
FNF:0
FNH:0
DA:2,1
DA:3,1
DA:4,1
DA:5,1
LF:4
LH:4
BRDA:5,0,0,1
BRDA:5,0,1,1
BRF:2
BRH:2
end_of_record
TN:
SF:dist/services/bank.js
FN:2,(anonymous_0)
FN:3,adopt
FN:3,(anonymous_2)
FN:4,(anonymous_3)
FN:5,fulfilled
FN:6,rejected
FN:7,step
FN:18,(anonymous_7)
FN:18,(anonymous_8)
FN:33,(anonymous_9)
FN:33,(anonymous_10)
FN:57,(anonymous_11)
FN:57,(anonymous_12)
FN:98,(anonymous_13)
FN:98,(anonymous_14)
FNF:15
FNH:13
FNDA:13,(anonymous_0)
FNDA:11,adopt
FNDA:0,(anonymous_2)
FNDA:13,(anonymous_3)
FNDA:11,fulfilled
FNDA:0,rejected
FNDA:24,step
FNDA:1,(anonymous_7)
FNDA:1,(anonymous_8)
FNDA:5,(anonymous_9)
FNDA:5,(anonymous_10)
FNDA:3,(anonymous_11)
FNDA:3,(anonymous_12)
FNDA:4,(anonymous_13)
FNDA:4,(anonymous_14)
DA:2,1
DA:3,11
DA:4,13
DA:5,11
DA:6,0
DA:7,24
DA:8,13
DA:11,1
DA:12,1
DA:13,1
DA:14,1
DA:15,1
DA:16,1
DA:17,1
DA:18,1
DA:19,1
DA:24,1
DA:32,1
DA:33,5
DA:34,5
DA:42,5
DA:43,2
DA:48,3
DA:56,1
DA:57,3
DA:58,3
DA:59,3
DA:60,3
DA:61,1
DA:68,2
DA:69,2
DA:70,1
DA:75,1
DA:89,1
DA:97,1
DA:98,4
DA:99,4
DA:100,4
DA:101,3
DA:106,1
DA:107,1
DA:108,1
DA:116,1
DA:122,1
DA:130,1
LF:45
LH:44
BRDA:2,0,0,1
BRDA:2,0,1,1
BRDA:2,0,2,1
BRDA:3,1,0,11
BRDA:3,1,1,0
BRDA:4,2,0,13
BRDA:4,2,1,13
BRDA:7,3,0,13
BRDA:7,3,1,11
BRDA:8,4,0,13
BRDA:8,4,1,13
BRDA:17,5,0,1
BRDA:17,5,1,0
BRDA:42,6,0,2
BRDA:42,6,1,3
BRDA:60,7,0,1
BRDA:60,7,1,2
BRDA:60,8,0,0
BRDA:60,8,1,3
BRDA:60,9,0,3
BRDA:60,9,1,3
BRDA:69,10,0,1
BRDA:69,10,1,1
BRDA:100,11,0,3
BRDA:100,11,1,1
BRF:25
BRH:22
end_of_record
TN:
SF:dist/utils/validations.handle.js
FN:4,(anonymous_0)
FN:8,(anonymous_1)
FN:12,(anonymous_2)
FN:17,(anonymous_3)
FN:30,(anonymous_4)
FNF:5
FNH:5
FNDA:4,(anonymous_0)
FNDA:5,(anonymous_1)
FNDA:2,(anonymous_2)
FNDA:4,(anonymous_3)
FNDA:2,(anonymous_4)
DA:2,1
DA:3,1
DA:4,1
DA:5,4
DA:6,4
DA:8,1
DA:9,5
DA:10,5
DA:12,1
DA:13,2
DA:14,1
DA:15,1
DA:17,1
DA:18,4
DA:19,1
DA:21,3
DA:22,1
DA:24,2
DA:25,1
DA:27,1
DA:29,1
DA:30,1
DA:31,2
DA:32,1
DA:34,1
DA:36,1
LF:26
LH:26
BRDA:13,0,0,1
BRDA:13,0,1,1
BRDA:13,1,0,2
BRDA:13,1,1,2
BRDA:18,2,0,1
BRDA:18,2,1,3
BRDA:21,3,0,1
BRDA:21,3,1,2
BRDA:24,4,0,1
BRDA:24,4,1,1
BRDA:31,5,0,1
BRDA:31,5,1,1
BRF:12
BRH:12
end_of_record
